<?xml version="1.0" encoding="UTF-8"?>
<testsuite xmlns:xsi="http://www.w3.org/2001/XMLSchema-instance" xsi:noNamespaceSchemaLocation="https://maven.apache.org/surefire/maven-surefire-plugin/xsd/surefire-test-report-3.0.xsd" version="3.0" name="com.msd.restservice.service.OwnerDetailsServiceTest" time="0.25" tests="3" errors="0" skipped="0" failures="0">
  <properties>
[...]
</properties>
  <testcase name="testGetGithubOwnerDetails" classname="com.msd.restservice.service.OwnerDetailsServiceTest" time="0.008">
    <system-out><![CDATA[2024-08-15T11:07:09.466+05:30  INFO 43919 --- [restService] [           main] c.m.r.service.OwnerDetailsServiceImpl    : Fetching GitHub owner details for Owner/Repo Name
]]></system-out>
  </testcase>
  <testcase name="testGetGithubOwnerDetails2" classname="com.msd.restservice.service.OwnerDetailsServiceTest" time="0.102">
    <system-out><![CDATA[2024-08-15T11:07:09.574+05:30  INFO 43919 --- [restService] [           main] c.m.r.service.OwnerDetailsServiceImpl    : Fetching GitHub owner details for Owner/Repo Name
2024-08-15T11:07:09.575+05:30  INFO 43919 --- [restService] [           main] c.m.r.service.OwnerDetailsServiceImpl    : Fetched and saved details for Owner/Repo Name
]]></system-out>
  </testcase>
  <testcase name="testGetGithubOwnerDetails3" classname="com.msd.restservice.service.OwnerDetailsServiceTest" time="0.04">
    <system-out><![CDATA[2024-08-15T11:07:09.615+05:30  INFO 43919 --- [restService] [           main] c.m.r.service.OwnerDetailsServiceImpl    : Fetching GitHub owner details for Owner/Repo Name
2024-08-15T11:07:09.615+05:30  INFO 43919 --- [restService] [           main] c.m.r.service.OwnerDetailsServiceImpl    : Fetched and saved details for Owner/Repo Name
]]></system-out>
  </testcase>
</testsuite>